{
  "RSpec": {
    "coverage": {
      "/Users/shanahausman/challenges/side-projects/muselist/app/models/user.rb": [
        1,
        null,
        null,
        1,
        null,
        null
      ],
      "/Users/shanahausman/challenges/side-projects/muselist/app/models/application_record.rb": [
        1,
        1,
        null
      ],
      "/Users/shanahausman/challenges/side-projects/muselist/app/helpers/application_helper.rb": [
        1,
        null
      ],
      "/Users/shanahausman/challenges/side-projects/muselist/app/channels/application_cable/channel.rb": [
        0,
        0,
        0,
        0
      ],
      "/Users/shanahausman/challenges/side-projects/muselist/app/channels/application_cable/connection.rb": [
        0,
        0,
        0,
        0
      ],
      "/Users/shanahausman/challenges/side-projects/muselist/app/controllers/application_controller.rb": [
        0,
        0,
        0
      ],
      "/Users/shanahausman/challenges/side-projects/muselist/app/jobs/application_job.rb": [
        0,
        0
      ],
      "/Users/shanahausman/challenges/side-projects/muselist/app/mailers/application_mailer.rb": [
        0,
        0,
        0,
        0
      ]
    },
    "timestamp": 1480362062
  }
}
